<?xml version="1.0" encoding="UTF-8"?>
<testsuite xmlns:xsi="http://www.w3.org/2001/XMLSchema-instance" xsi:noNamespaceSchemaLocation="https://maven.apache.org/surefire/maven-surefire-plugin/xsd/surefire-test-report.xsd" version="3.0.2" name="com.example.ob_rest_datajpa.controllers.BookControllerTest" time="10.795" tests="6" errors="0" skipped="0" failures="0">
  <properties>
[...]
</properties>
  <testcase name="addBook" classname="com.example.ob_rest_datajpa.controllers.BookControllerTest" time="1.3">
    <system-out><![CDATA[15:28:46.622 [main] INFO org.springframework.test.context.support.AnnotationConfigContextLoaderUtils -- Could not detect default configuration classes for test class [com.example.ob_rest_datajpa.controllers.BookControllerTest]: BookControllerTest does not declare any static, non-private, non-final, nested classes annotated with @Configuration.
15:28:46.848 [main] INFO org.springframework.boot.test.context.SpringBootTestContextBootstrapper -- Found @SpringBootConfiguration com.example.ob_rest_datajpa.ObRestDatajpaApplication for test class com.example.ob_rest_datajpa.controllers.BookControllerTest
15:28:47.150 [main] INFO org.springframework.boot.devtools.restart.RestartApplicationListener -- Restart disabled due to context in which it is running

  .   ____          _            __ _ _
 /\\ / ___'_ __ _ _(_)_ __  __ _ \ \ \ \
( ( )\___ | '_ | '_| | '_ \/ _` | \ \ \ \
 \\/  ___)| |_)| | | | | || (_| |  ) ) ) )
  '  |____| .__|_| |_|_| |_\__, | / / / /
 =========|_|==============|___/=/_/_/_/

 :: Spring Boot ::                (v3.4.3)

2025-03-12T15:28:47.621-03:00  INFO 11692 --- [ob-rest-datajpa] [           main] c.e.o.controllers.BookControllerTest     : Starting BookControllerTest using Java 17.0.1 with PID 11692 (started by usuario in C:\Users\usuario\IdeaProjects\ob-rest-datajpa)
2025-03-12T15:28:47.623-03:00  INFO 11692 --- [ob-rest-datajpa] [           main] c.e.o.controllers.BookControllerTest     : No active profile set, falling back to 1 default profile: "default"
2025-03-12T15:28:49.056-03:00  INFO 11692 --- [ob-rest-datajpa] [           main] .s.d.r.c.RepositoryConfigurationDelegate : Bootstrapping Spring Data JPA repositories in DEFAULT mode.
2025-03-12T15:28:49.141-03:00  INFO 11692 --- [ob-rest-datajpa] [           main] .s.d.r.c.RepositoryConfigurationDelegate : Finished Spring Data repository scanning in 65 ms. Found 1 JPA repository interface.
2025-03-12T15:28:50.265-03:00  INFO 11692 --- [ob-rest-datajpa] [           main] o.s.b.w.embedded.tomcat.TomcatWebServer  : Tomcat initialized with port 0 (http)
2025-03-12T15:28:50.291-03:00  INFO 11692 --- [ob-rest-datajpa] [           main] o.apache.catalina.core.StandardService   : Starting service [Tomcat]
2025-03-12T15:28:50.292-03:00  INFO 11692 --- [ob-rest-datajpa] [           main] o.apache.catalina.core.StandardEngine    : Starting Servlet engine: [Apache Tomcat/10.1.36]
2025-03-12T15:28:50.430-03:00  INFO 11692 --- [ob-rest-datajpa] [           main] o.a.c.c.C.[Tomcat].[localhost].[/]       : Initializing Spring embedded WebApplicationContext
2025-03-12T15:28:50.434-03:00  INFO 11692 --- [ob-rest-datajpa] [           main] w.s.c.ServletWebServerApplicationContext : Root WebApplicationContext: initialization completed in 2777 ms
2025-03-12T15:28:50.728-03:00  INFO 11692 --- [ob-rest-datajpa] [           main] com.zaxxer.hikari.HikariDataSource       : HikariPool-1 - Starting...
2025-03-12T15:28:51.217-03:00  INFO 11692 --- [ob-rest-datajpa] [           main] com.zaxxer.hikari.pool.HikariPool        : HikariPool-1 - Added connection conn0: url=jdbc:h2:mem:6f254060-eb9e-433d-951e-77f3a0d043ac user=SA
2025-03-12T15:28:51.220-03:00  INFO 11692 --- [ob-rest-datajpa] [           main] com.zaxxer.hikari.HikariDataSource       : HikariPool-1 - Start completed.
2025-03-12T15:28:51.342-03:00  INFO 11692 --- [ob-rest-datajpa] [           main] o.hibernate.jpa.internal.util.LogHelper  : HHH000204: Processing PersistenceUnitInfo [name: default]
2025-03-12T15:28:51.534-03:00  INFO 11692 --- [ob-rest-datajpa] [           main] org.hibernate.Version                    : HHH000412: Hibernate ORM core version 6.6.8.Final
2025-03-12T15:28:51.621-03:00  INFO 11692 --- [ob-rest-datajpa] [           main] o.h.c.internal.RegionFactoryInitiator    : HHH000026: Second-level cache disabled
2025-03-12T15:28:52.275-03:00  INFO 11692 --- [ob-rest-datajpa] [           main] o.s.o.j.p.SpringPersistenceUnitInfo      : No LoadTimeWeaver setup: ignoring JPA class transformer
2025-03-12T15:28:52.467-03:00  INFO 11692 --- [ob-rest-datajpa] [           main] org.hibernate.orm.connections.pooling    : HHH10001005: Database info:
	Database JDBC URL [Connecting through datasource 'HikariDataSource (HikariPool-1)']
	Database driver: undefined/unknown
	Database version: 2.3.232
	Autocommit mode: undefined/unknown
	Isolation level: undefined/unknown
	Minimum pool size: undefined/unknown
	Maximum pool size: undefined/unknown
2025-03-12T15:28:53.667-03:00  INFO 11692 --- [ob-rest-datajpa] [           main] o.h.e.t.j.p.i.JtaPlatformInitiator       : HHH000489: No JTA platform available (set 'hibernate.transaction.jta.platform' to enable JTA platform integration)
2025-03-12T15:28:53.738-03:00  INFO 11692 --- [ob-rest-datajpa] [           main] j.LocalContainerEntityManagerFactoryBean : Initialized JPA EntityManagerFactory for persistence unit 'default'
2025-03-12T15:28:54.247-03:00  WARN 11692 --- [ob-rest-datajpa] [           main] JpaBaseConfiguration$JpaWebConfiguration : spring.jpa.open-in-view is enabled by default. Therefore, database queries may be performed during view rendering. Explicitly configure spring.jpa.open-in-view to disable this warning
2025-03-12T15:28:54.321-03:00  INFO 11692 --- [ob-rest-datajpa] [           main] o.s.v.b.OptionalValidatorFactoryBean     : Failed to set up a Bean Validation provider: jakarta.validation.NoProviderFoundException: Unable to create a Configuration, because no Jakarta Bean Validation provider could be found. Add a provider like Hibernate Validator (RI) to your classpath.
2025-03-12T15:28:55.674-03:00  INFO 11692 --- [ob-rest-datajpa] [           main] o.s.b.w.embedded.tomcat.TomcatWebServer  : Tomcat started on port 63587 (http) with context path '/'
2025-03-12T15:28:55.690-03:00  INFO 11692 --- [ob-rest-datajpa] [           main] c.e.o.controllers.BookControllerTest     : Started BookControllerTest in 8.558 seconds (process running for 10.114)
2025-03-12T15:28:56.608-03:00  INFO 11692 --- [ob-rest-datajpa] [o-auto-1-exec-1] o.a.c.c.C.[Tomcat].[localhost].[/]       : Initializing Spring DispatcherServlet 'dispatcherServlet'
2025-03-12T15:28:56.609-03:00  INFO 11692 --- [ob-rest-datajpa] [o-auto-1-exec-1] o.s.web.servlet.DispatcherServlet        : Initializing Servlet 'dispatcherServlet'
2025-03-12T15:28:56.610-03:00  INFO 11692 --- [ob-rest-datajpa] [o-auto-1-exec-1] o.s.web.servlet.DispatcherServlet        : Completed initialization in 1 ms
Libro{id=1, title='asdaw', author='asdawdasd', edition='fgfgfgfg', editionDate=2025-03-07, price=33.0, online=true}
]]></system-out>
  </testcase>
  <testcase name="findAll" classname="com.example.ob_rest_datajpa.controllers.BookControllerTest" time="0.014"/>
  <testcase name="findById" classname="com.example.ob_rest_datajpa.controllers.BookControllerTest" time="0.083">
    <system-out><![CDATA[Libro{id=2, title='asdaw', author='asdawdasd', edition='fgfgfgfg', editionDate=2025-03-07, price=33.0, online=true}
Libro{id=1, title='asdaw', author='asdawdasd', edition='fgfgfgfg', editionDate=2025-03-07, price=33.0, online=true}
]]></system-out>
  </testcase>
  <testcase name="deleteAllBooks" classname="com.example.ob_rest_datajpa.controllers.BookControllerTest" time="0.013"/>
  <testcase name="editBook" classname="com.example.ob_rest_datajpa.controllers.BookControllerTest" time="0.016"/>
  <testcase name="deleteBook" classname="com.example.ob_rest_datajpa.controllers.BookControllerTest" time="0.022"/>
</testsuite>